<?xml version="1.0" encoding="UTF-8"?>
<!-- Generated by org.testng.reporters.JUnitReportReporter -->
<testsuite hostname="DESKTOP-CTLCA6J" failures="0" tests="1" name="testCases.openCart" time="8.012" errors="0" timestamp="2024-08-31T18:26:03 IST" skipped="0">
  <testcase classname="testCases.openCart" name="registration" time="8.012"/>
</testsuite> <!-- testCases.openCart -->
