<?xml version="1.0" encoding="UTF-8"?>
<!-- Generated by org.testng.reporters.JUnitReportReporter -->
<testsuite hostname="DESKTOP-CTLCA6J" failures="0" tests="1" name="testBase.dataProviders" time="0.726" errors="0" timestamp="2024-09-03T23:38:34 IST" skipped="0">
  <testcase classname="testBase.dataProviders" name="log" time="0.726"/>
</testsuite> <!-- testBase.dataProviders -->
