<?xml version="1.0" encoding="UTF-8"?>
<!-- Generated by org.testng.reporters.JUnitReportReporter -->
<testsuite hostname="DESKTOP-CTLCA6J" failures="0" tests="1" name="testCases.TC001_AccountRegistration" time="8.185" errors="0" timestamp="2024-09-05T23:09:03 IST" skipped="0">
  <testcase classname="testCases.TC001_AccountRegistration" name="registration" time="8.185"/>
</testsuite> <!-- testCases.TC001_AccountRegistration -->
