<?xml version="1.0" encoding="UTF-8"?>
<!-- Generated by org.testng.reporters.JUnitReportReporter -->
<testsuite hostname="DESKTOP-CTLCA6J" failures="0" tests="1" name="testCases.TC001_LoginPage" time="2.378" errors="0" timestamp="2024-09-01T10:25:06 IST" skipped="0">
  <testcase classname="testCases.TC001_LoginPage" name="login" time="2.378"/>
</testsuite> <!-- testCases.TC001_LoginPage -->
