<?xml version="1.0" encoding="UTF-8"?>
<!-- Generated by org.testng.reporters.JUnitReportReporter -->
<testsuite hostname="DESKTOP-CTLCA6J" failures="0" tests="1" name="testCases.TC002_LoginPage" time="7.536" errors="0" timestamp="2024-09-11T20:49:33 IST" skipped="0">
  <testcase classname="testCases.TC002_LoginPage" name="login" time="7.536"/>
</testsuite> <!-- testCases.TC002_LoginPage -->
