<?xml version="1.0" encoding="UTF-8"?>
<!-- Generated by org.testng.reporters.JUnitReportReporter -->
<testsuite hostname="DESKTOP-CTLCA6J" failures="0" tests="1" name="testCases.TC002_LoginPage" time="7.661" errors="0" timestamp="2024-09-14T14:33:54 IST" skipped="0">
  <testcase classname="testCases.TC002_LoginPage" name="login" time="7.661"/>
</testsuite> <!-- testCases.TC002_LoginPage -->
